
*** Running vivado
    with args -log f.vds -m64 -product Vivado -mode batch -messageDb vivado.pb -notrace -source f.tcl


****** Vivado v2019.2 (64-bit)
  **** SW Build 2700185 on Thu Oct 24 18:45:48 MDT 2019
  **** IP Build 2699827 on Thu Oct 24 21:16:38 MDT 2019
    ** Copyright 1986-2019 Xilinx, Inc. All Rights Reserved.

source f.tcl -notrace
Command: synth_design -top f -part xc7a35tcpg236-3
Starting synth_design
Attempting to get a license for feature 'Synthesis' and/or device 'xc7a35t'
INFO: [Common 17-349] Got license for feature 'Synthesis' and/or device 'xc7a35t'
INFO: [Device 21-403] Loading part xc7a35tcpg236-3
INFO: Launching helper process for spawning children vivado processes
INFO: Helper process launched with PID 25638 
---------------------------------------------------------------------------------
Starting RTL Elaboration : Time (s): cpu = 00:00:03 ; elapsed = 00:00:03 . Memory (MB): peak = 1859.008 ; gain = 200.719 ; free physical = 7869 ; free virtual = 12547
---------------------------------------------------------------------------------
INFO: [Synth 8-638] synthesizing module 'f' [/HOME/s361591/VHDL_Exc3/VHDL_Exc3.srcs/sources_1/new/f.vhd:38]
INFO: [Synth 8-3491] module 'ClockExc' declared at '/HOME/s361591/VHDL_Exc2/VHDL_Exc2.srcs/sources_1/new/ClockExc.vhd:35' bound to instance 'u1' of component 'ClockExc' [/HOME/s361591/VHDL_Exc3/VHDL_Exc3.srcs/sources_1/new/f.vhd:71]
INFO: [Synth 8-638] synthesizing module 'ClockExc' [/HOME/s361591/VHDL_Exc2/VHDL_Exc2.srcs/sources_1/new/ClockExc.vhd:43]
INFO: [Synth 8-256] done synthesizing module 'ClockExc' (1#1) [/HOME/s361591/VHDL_Exc2/VHDL_Exc2.srcs/sources_1/new/ClockExc.vhd:43]
INFO: [Synth 8-256] done synthesizing module 'f' (2#1) [/HOME/s361591/VHDL_Exc3/VHDL_Exc3.srcs/sources_1/new/f.vhd:38]
WARNING: [Synth 8-3331] design f has unconnected port testLED
WARNING: [Synth 8-3331] design f has unconnected port toggle
---------------------------------------------------------------------------------
Finished RTL Elaboration : Time (s): cpu = 00:00:04 ; elapsed = 00:00:05 . Memory (MB): peak = 1920.758 ; gain = 262.469 ; free physical = 7904 ; free virtual = 12582
---------------------------------------------------------------------------------

Report Check Netlist: 
+------+------------------+-------+---------+-------+------------------+
|      |Item              |Errors |Warnings |Status |Description       |
+------+------------------+-------+---------+-------+------------------+
|1     |multi_driven_nets |      0|        0|Passed |Multi driven nets |
+------+------------------+-------+---------+-------+------------------+
---------------------------------------------------------------------------------
Start Handling Custom Attributes
---------------------------------------------------------------------------------
---------------------------------------------------------------------------------
Finished Handling Custom Attributes : Time (s): cpu = 00:00:04 ; elapsed = 00:00:05 . Memory (MB): peak = 1923.727 ; gain = 265.438 ; free physical = 7896 ; free virtual = 12575
---------------------------------------------------------------------------------
---------------------------------------------------------------------------------
Finished RTL Optimization Phase 1 : Time (s): cpu = 00:00:04 ; elapsed = 00:00:05 . Memory (MB): peak = 1923.727 ; gain = 265.438 ; free physical = 7896 ; free virtual = 12575
---------------------------------------------------------------------------------
Netlist sorting complete. Time (s): cpu = 00:00:00 ; elapsed = 00:00:00 . Memory (MB): peak = 1923.727 ; gain = 0.000 ; free physical = 7890 ; free virtual = 12569
INFO: [Project 1-570] Preparing netlist for logic optimization

Processing XDC Constraints
Initializing timing engine
Parsing XDC File [/HOME/s361591/VHDL_Exc3/VHDL_Exc3.srcs/constrs_1/new/list.xdc]
Finished Parsing XDC File [/HOME/s361591/VHDL_Exc3/VHDL_Exc3.srcs/constrs_1/new/list.xdc]
INFO: [Project 1-236] Implementation specific constraints were found while reading constraint file [/HOME/s361591/VHDL_Exc3/VHDL_Exc3.srcs/constrs_1/new/list.xdc]. These constraints will be ignored for synthesis but will be used in implementation. Impacted constraints are listed in the file [.Xil/f_propImpl.xdc].
Resolution: To avoid this warning, move constraints listed in [.Xil/f_propImpl.xdc] to another XDC file and exclude this new file from synthesis with the used_in_synthesis property (File Properties dialog in GUI) and re-run elaboration/synthesis.
Completed Processing XDC Constraints

Netlist sorting complete. Time (s): cpu = 00:00:00 ; elapsed = 00:00:00 . Memory (MB): peak = 2044.531 ; gain = 0.000 ; free physical = 7815 ; free virtual = 12494
INFO: [Project 1-111] Unisim Transformation Summary:
No Unisim elements were transformed.

Constraint Validation Runtime : Time (s): cpu = 00:00:00 ; elapsed = 00:00:00.01 . Memory (MB): peak = 2044.531 ; gain = 0.000 ; free physical = 7815 ; free virtual = 12494
---------------------------------------------------------------------------------
Finished Constraint Validation : Time (s): cpu = 00:00:08 ; elapsed = 00:00:10 . Memory (MB): peak = 2044.531 ; gain = 386.242 ; free physical = 7871 ; free virtual = 12550
---------------------------------------------------------------------------------
---------------------------------------------------------------------------------
Start Loading Part and Timing Information
---------------------------------------------------------------------------------
Loading part: xc7a35tcpg236-3
---------------------------------------------------------------------------------
Finished Loading Part and Timing Information : Time (s): cpu = 00:00:08 ; elapsed = 00:00:10 . Memory (MB): peak = 2044.531 ; gain = 386.242 ; free physical = 7871 ; free virtual = 12550
---------------------------------------------------------------------------------
---------------------------------------------------------------------------------
Start Applying 'set_property' XDC Constraints
---------------------------------------------------------------------------------
---------------------------------------------------------------------------------
Finished applying 'set_property' XDC Constraints : Time (s): cpu = 00:00:08 ; elapsed = 00:00:10 . Memory (MB): peak = 2044.531 ; gain = 386.242 ; free physical = 7870 ; free virtual = 12549
---------------------------------------------------------------------------------
---------------------------------------------------------------------------------
Finished RTL Optimization Phase 2 : Time (s): cpu = 00:00:08 ; elapsed = 00:00:11 . Memory (MB): peak = 2044.531 ; gain = 386.242 ; free physical = 7862 ; free virtual = 12542
---------------------------------------------------------------------------------

Report RTL Partitions: 
+-+--------------+------------+----------+
| |RTL Partition |Replication |Instances |
+-+--------------+------------+----------+
+-+--------------+------------+----------+
---------------------------------------------------------------------------------
Start RTL Component Statistics 
---------------------------------------------------------------------------------
Detailed RTL Component Info : 
+---Adders : 
	   2 Input     17 Bit       Adders := 1     
	   2 Input      2 Bit       Adders := 1     
+---Registers : 
	               17 Bit    Registers := 1     
	                8 Bit    Registers := 1     
	                4 Bit    Registers := 1     
	                2 Bit    Registers := 1     
	                1 Bit    Registers := 1     
+---Muxes : 
	   2 Input     17 Bit        Muxes := 1     
	   4 Input      8 Bit        Muxes := 1     
	   4 Input      4 Bit        Muxes := 1     
	   2 Input      2 Bit        Muxes := 1     
---------------------------------------------------------------------------------
Finished RTL Component Statistics 
---------------------------------------------------------------------------------
---------------------------------------------------------------------------------
Start RTL Hierarchical Component Statistics 
---------------------------------------------------------------------------------
Hierarchical RTL Component report 
Module f 
Detailed RTL Component Info : 
+---Adders : 
	   2 Input      2 Bit       Adders := 1     
+---Registers : 
	                8 Bit    Registers := 1     
	                4 Bit    Registers := 1     
	                2 Bit    Registers := 1     
+---Muxes : 
	   4 Input      8 Bit        Muxes := 1     
	   4 Input      4 Bit        Muxes := 1     
	   2 Input      2 Bit        Muxes := 1     
Module ClockExc 
Detailed RTL Component Info : 
+---Adders : 
	   2 Input     17 Bit       Adders := 1     
+---Registers : 
	               17 Bit    Registers := 1     
	                1 Bit    Registers := 1     
+---Muxes : 
	   2 Input     17 Bit        Muxes := 1     
---------------------------------------------------------------------------------
Finished RTL Hierarchical Component Statistics
---------------------------------------------------------------------------------
---------------------------------------------------------------------------------
Start Part Resource Summary
---------------------------------------------------------------------------------
Part Resources:
DSPs: 90 (col length:60)
BRAMs: 100 (col length: RAMB18 60 RAMB36 30)
---------------------------------------------------------------------------------
Finished Part Resource Summary
---------------------------------------------------------------------------------
---------------------------------------------------------------------------------
Start Cross Boundary and Area Optimization
---------------------------------------------------------------------------------
Warning: Parallel synthesis criteria is not met 
WARNING: [Synth 8-3331] design f has unconnected port testLED
WARNING: [Synth 8-3331] design f has unconnected port toggle
INFO: [Synth 8-3333] propagating constant 1 across sequential element (\segments_reg[7] )
INFO: [Synth 8-3886] merging instance 'segments_reg[5]' (FD) to 'segments_reg[4]'
INFO: [Synth 8-3333] propagating constant 0 across sequential element (\segments_reg[4] )
INFO: [Synth 8-3886] merging instance 'segments_reg[1]' (FD) to 'active_reg[1]'
---------------------------------------------------------------------------------
Finished Cross Boundary and Area Optimization : Time (s): cpu = 00:00:09 ; elapsed = 00:00:12 . Memory (MB): peak = 2044.531 ; gain = 386.242 ; free physical = 7851 ; free virtual = 12534
---------------------------------------------------------------------------------

Report RTL Partitions: 
+-+--------------+------------+----------+
| |RTL Partition |Replication |Instances |
+-+--------------+------------+----------+
+-+--------------+------------+----------+
---------------------------------------------------------------------------------
Start Applying XDC Timing Constraints
---------------------------------------------------------------------------------
---------------------------------------------------------------------------------
Finished Applying XDC Timing Constraints : Time (s): cpu = 00:00:13 ; elapsed = 00:00:17 . Memory (MB): peak = 2044.531 ; gain = 386.242 ; free physical = 7701 ; free virtual = 12415
---------------------------------------------------------------------------------
---------------------------------------------------------------------------------
Start Timing Optimization
---------------------------------------------------------------------------------
---------------------------------------------------------------------------------
Finished Timing Optimization : Time (s): cpu = 00:00:13 ; elapsed = 00:00:17 . Memory (MB): peak = 2044.531 ; gain = 386.242 ; free physical = 7701 ; free virtual = 12415
---------------------------------------------------------------------------------

Report RTL Partitions: 
+-+--------------+------------+----------+
| |RTL Partition |Replication |Instances |
+-+--------------+------------+----------+
+-+--------------+------------+----------+
---------------------------------------------------------------------------------
Start Technology Mapping
---------------------------------------------------------------------------------
---------------------------------------------------------------------------------
Finished Technology Mapping : Time (s): cpu = 00:00:13 ; elapsed = 00:00:17 . Memory (MB): peak = 2044.531 ; gain = 386.242 ; free physical = 7700 ; free virtual = 12413
---------------------------------------------------------------------------------

Report RTL Partitions: 
+-+--------------+------------+----------+
| |RTL Partition |Replication |Instances |
+-+--------------+------------+----------+
+-+--------------+------------+----------+
---------------------------------------------------------------------------------
Start IO Insertion
---------------------------------------------------------------------------------
---------------------------------------------------------------------------------
Start Flattening Before IO Insertion
---------------------------------------------------------------------------------
---------------------------------------------------------------------------------
Finished Flattening Before IO Insertion
---------------------------------------------------------------------------------
---------------------------------------------------------------------------------
Start Final Netlist Cleanup
---------------------------------------------------------------------------------
---------------------------------------------------------------------------------
Finished Final Netlist Cleanup
---------------------------------------------------------------------------------
---------------------------------------------------------------------------------
Finished IO Insertion : Time (s): cpu = 00:00:16 ; elapsed = 00:00:20 . Memory (MB): peak = 2044.531 ; gain = 386.242 ; free physical = 7700 ; free virtual = 12413
---------------------------------------------------------------------------------
---------------------------------------------------------------------------------
Start Renaming Generated Instances
---------------------------------------------------------------------------------
---------------------------------------------------------------------------------
Finished Renaming Generated Instances : Time (s): cpu = 00:00:16 ; elapsed = 00:00:20 . Memory (MB): peak = 2044.531 ; gain = 386.242 ; free physical = 7700 ; free virtual = 12413
---------------------------------------------------------------------------------

Report RTL Partitions: 
+-+--------------+------------+----------+
| |RTL Partition |Replication |Instances |
+-+--------------+------------+----------+
+-+--------------+------------+----------+

Report Check Netlist: 
+------+------------------+-------+---------+-------+------------------+
|      |Item              |Errors |Warnings |Status |Description       |
+------+------------------+-------+---------+-------+------------------+
|1     |multi_driven_nets |      0|        0|Passed |Multi driven nets |
+------+------------------+-------+---------+-------+------------------+
---------------------------------------------------------------------------------
Start Rebuilding User Hierarchy
---------------------------------------------------------------------------------
---------------------------------------------------------------------------------
Finished Rebuilding User Hierarchy : Time (s): cpu = 00:00:16 ; elapsed = 00:00:20 . Memory (MB): peak = 2044.531 ; gain = 386.242 ; free physical = 7700 ; free virtual = 12413
---------------------------------------------------------------------------------
---------------------------------------------------------------------------------
Start Renaming Generated Ports
---------------------------------------------------------------------------------
---------------------------------------------------------------------------------
Finished Renaming Generated Ports : Time (s): cpu = 00:00:16 ; elapsed = 00:00:20 . Memory (MB): peak = 2044.531 ; gain = 386.242 ; free physical = 7700 ; free virtual = 12413
---------------------------------------------------------------------------------
---------------------------------------------------------------------------------
Start Handling Custom Attributes
---------------------------------------------------------------------------------
---------------------------------------------------------------------------------
Finished Handling Custom Attributes : Time (s): cpu = 00:00:16 ; elapsed = 00:00:20 . Memory (MB): peak = 2044.531 ; gain = 386.242 ; free physical = 7700 ; free virtual = 12413
---------------------------------------------------------------------------------
---------------------------------------------------------------------------------
Start Renaming Generated Nets
---------------------------------------------------------------------------------
---------------------------------------------------------------------------------
Finished Renaming Generated Nets : Time (s): cpu = 00:00:16 ; elapsed = 00:00:20 . Memory (MB): peak = 2044.531 ; gain = 386.242 ; free physical = 7700 ; free virtual = 12413
---------------------------------------------------------------------------------
---------------------------------------------------------------------------------
Start Writing Synthesis Report
---------------------------------------------------------------------------------

Report BlackBoxes: 
+-+--------------+----------+
| |BlackBox name |Instances |
+-+--------------+----------+
+-+--------------+----------+

Report Cell Usage: 
+------+-------+------+
|      |Cell   |Count |
+------+-------+------+
|1     |BUFG   |     1|
|2     |CARRY4 |     4|
|3     |LUT1   |     3|
|4     |LUT2   |     8|
|5     |LUT4   |     3|
|6     |LUT5   |    18|
|7     |FDCE   |    18|
|8     |FDRE   |    10|
|9     |IBUF   |     2|
|10    |OBUF   |    12|
+------+-------+------+

Report Instance Areas: 
+------+---------+---------+------+
|      |Instance |Module   |Cells |
+------+---------+---------+------+
|1     |top      |         |    79|
|2     |  u1     |ClockExc |    44|
+------+---------+---------+------+
---------------------------------------------------------------------------------
Finished Writing Synthesis Report : Time (s): cpu = 00:00:16 ; elapsed = 00:00:20 . Memory (MB): peak = 2044.531 ; gain = 386.242 ; free physical = 7700 ; free virtual = 12413
---------------------------------------------------------------------------------
Synthesis finished with 0 errors, 0 critical warnings and 2 warnings.
Synthesis Optimization Runtime : Time (s): cpu = 00:00:15 ; elapsed = 00:00:18 . Memory (MB): peak = 2044.531 ; gain = 265.438 ; free physical = 7753 ; free virtual = 12466
Synthesis Optimization Complete : Time (s): cpu = 00:00:16 ; elapsed = 00:00:20 . Memory (MB): peak = 2044.531 ; gain = 386.242 ; free physical = 7753 ; free virtual = 12466
INFO: [Project 1-571] Translating synthesized netlist
Netlist sorting complete. Time (s): cpu = 00:00:00 ; elapsed = 00:00:00 . Memory (MB): peak = 2044.531 ; gain = 0.000 ; free physical = 7821 ; free virtual = 12534
INFO: [Netlist 29-17] Analyzing 4 Unisim elements for replacement
INFO: [Netlist 29-28] Unisim Transformation completed in 0 CPU seconds
INFO: [Project 1-570] Preparing netlist for logic optimization
INFO: [Opt 31-138] Pushed 0 inverter(s) to 0 load pin(s).
Netlist sorting complete. Time (s): cpu = 00:00:00.01 ; elapsed = 00:00:00 . Memory (MB): peak = 2055.438 ; gain = 0.000 ; free physical = 7766 ; free virtual = 12479
INFO: [Project 1-111] Unisim Transformation Summary:
No Unisim elements were transformed.

INFO: [Common 17-83] Releasing license: Synthesis
21 Infos, 4 Warnings, 0 Critical Warnings and 0 Errors encountered.
synth_design completed successfully
synth_design: Time (s): cpu = 00:00:21 ; elapsed = 00:00:27 . Memory (MB): peak = 2055.438 ; gain = 593.281 ; free physical = 7899 ; free virtual = 12612
Netlist sorting complete. Time (s): cpu = 00:00:00 ; elapsed = 00:00:00 . Memory (MB): peak = 2055.438 ; gain = 0.000 ; free physical = 7899 ; free virtual = 12612
WARNING: [Constraints 18-5210] No constraints selected for write.
Resolution: This message can indicate that there are no constraints for the design, or it can indicate that the used_in flags are set such that the constraints are ignored. This later case is used when running synth_design to not write synthesis constraints to the resulting checkpoint. Instead, project constraints are read when the synthesized design is opened.
INFO: [Common 17-1381] The checkpoint '/HOME/s361591/VHDL_Exc3/VHDL_Exc3.runs/synth_1/f.dcp' has been generated.
INFO: [runtcl-4] Executing : report_utilization -file f_utilization_synth.rpt -pb f_utilization_synth.pb
INFO: [Common 17-206] Exiting Vivado at Mon Dec  9 11:59:29 2019...
